<?xml version="1.0" encoding="UTF-8"?>
<!-- Generated by org.testng.reporters.JUnitReportReporter -->
<testsuite hostname="Gangadaran" failures="0" tests="3" name="saleforce_api.GenerateToken" time="5.034" errors="0" timestamp="2023-08-19T19:47:47 IST" skipped="0">
  <testcase classname="saleforce_api.GenerateToken" name="creatLead" time="0.911"/>
  <testcase classname="saleforce_api.GenerateToken" name="getDetails" time="0.800"/>
  <testcase classname="saleforce_api.GenerateToken" name="testGenerate" time="3.323"/>
</testsuite> <!-- saleforce_api.GenerateToken -->
